GET /contacts/1 28-12-2021_07:05:27
GET /api/contacts/1 28-12-2021_07:09:14
GET /api/contacts/1 28-12-2021_07:09:15
GET /api/contacts/1 28-12-2021_07:09:16
GET /api/contacts/1 28-12-2021_07:09:26
GET /api/contacts 28-12-2021_07:09:40
POST /api/contacts 28-12-2021_07:11:57
POST /api/contacts 28-12-2021_07:12:09
POST /api/contacts 28-12-2021_07:13:09
POST /api/contacts 28-12-2021_07:18:01
POST /api/contacts 28-12-2021_07:21:01
POST /api/contacts 28-12-2021_07:23:31
POST /api/contacts 28-12-2021_07:26:26
POST /api/contacts 28-12-2021_07:35:32
POST /api/contacts 28-12-2021_07:37:59
POST /api/contacts 28-12-2021_07:38:13
POST /api/contacts 28-12-2021_07:40:18
POST /api/contacts 28-12-2021_07:40:19
POST /api/contacts 28-12-2021_07:42:14
POST /api/contacts 28-12-2021_07:42:15
POST /api/contacts 28-12-2021_07:42:19
POST /api/contacts 28-12-2021_07:42:53
POST /api/contacts 28-12-2021_07:42:56
POST /api/contacts 28-12-2021_07:43:01
POST /api/contacts 28-12-2021_07:43:14
POST /api/contacts 28-12-2021_07:43:29
POST /api/contacts 28-12-2021_07:43:32
POST /api/contacts 28-12-2021_07:43:44
POST /api/contacts 28-12-2021_07:43:47
POST /api/contacts 28-12-2021_07:43:52
POST /api/contacts 28-12-2021_07:45:26
POST /api/contacts 28-12-2021_07:45:30
POST /api/contacts 28-12-2021_07:47:04
POST /api/contacts 28-12-2021_07:47:08
POST /api/contacts 28-12-2021_07:48:09
POST /api/contacts 28-12-2021_07:48:17
POST /api/contacts 28-12-2021_07:48:38
POST /api/contacts 28-12-2021_07:53:02
POST /api/contacts 28-12-2021_07:53:03
POST /api/contacts 28-12-2021_07:53:13
POST /api/contacts 28-12-2021_07:55:07
POST /api/contacts 28-12-2021_07:55:20
POST /api/contacts 28-12-2021_07:56:43
POST /api/contacts 28-12-2021_07:56:46
POST /api/contacts 28-12-2021_07:56:53
POST /api/contacts 28-12-2021_07:56:57
POST /api/contacts 28-12-2021_07:57:26
POST /api/contacts 28-12-2021_07:57:30
POST /api/contacts 28-12-2021_07:57:38
POST /api/contacts 28-12-2021_07:57:47
DELETE /api/contacts/2222 28-12-2021_08:03:35
DELETE /api/contacts/2222 28-12-2021_08:04:02
DELETE /api/contacts/2222 28-12-2021_08:04:40
DELETE /api/contacts/2 28-12-2021_08:05:33
DELETE /api/contacts/2 28-12-2021_08:05:52
DELETE /api/contacts/1 28-12-2021_08:05:56
DELETE /api/contacts/1 28-12-2021_08:15:46
PUT /api/contacts/1 28-12-2021_08:19:31
PUT /api/contacts/1 28-12-2021_08:22:54
PUT /api/contacts/1 28-12-2021_08:24:42
PUT /api/contacts/1222 28-12-2021_08:24:49
PUT /api/contacts/1222 28-12-2021_08:25:04
PUT /api/contacts/4 28-12-2021_08:35:47
PUT /api/contacts/4 28-12-2021_08:36:25
PUT /api/contacts/4 28-12-2021_08:37:19
PUT /api/contacts/4 28-12-2021_08:38:22
PUT /api/contacts/4 28-12-2021_08:38:45
PUT /api/contacts/4 28-12-2021_08:38:59
PUT /api/contacts/4 28-12-2021_08:39:43
PUT /api/contacts/5f3bada0-16e0-47ca-b167-8f1546f1d6bc 28-12-2021_08:40:07
GET /api/contacts/5f3bada0-16e0-47ca-b167-8f1546f1d6bc 29-12-2021_10:02:26
GET /api/contacts/5f3bada0-16e0-47ca-b167-8f1546f1d6bcc 29-12-2021_10:02:31
GET /api/contacts 29-12-2021_10:02:43
GET /api/contactss 29-12-2021_10:02:46
GET /api/contacts 29-12-2021_10:02:51
POST /api/contacts/5f3bada0-16e0-47ca-b167-8f1546f1d6bc 29-12-2021_10:03:08
POST /api/contacts/5f3bada0-16e0-47ca-b167-8f1546f1d6bc 29-12-2021_10:03:14
PUT /api/contacts/5f3bada0-16e0-47ca-b167-8f1546f1d6bc 29-12-2021_10:03:19
PUT /api/contacts/5f3bada0-16e0-47ca-b167-8f1546f1d6bc 29-12-2021_10:05:57
PUT /api/contacts/5f3bada0-16e0-47ca-b167-8f1546f1d6bc 29-12-2021_10:06:07
PUT /api/contacts/5f3bada0-16e0-47ca-b167-8f1546f1d6bc 29-12-2021_10:06:18
PUT /api/contacts/5f3bada0-16e0-47ca-b167-8f1546f1d6bc 29-12-2021_10:06:21
PUT /api/contacts/5f3bada0-16e0-47ca-b167-8f1546f1d6bc 29-12-2021_10:06:55
PUT /api/contacts/5f3bada0-16e0-47ca-b167-8f1546f1d6bc 29-12-2021_10:07:06
PUT /api/contacts/5f3bada0-16e0-47ca-b167-8f1546f1d6bc 29-12-2021_10:13:10
PUT /api/contacts/5f3bada0-16e0-47ca-b167-8f1546f1d6bc 29-12-2021_10:13:11
PUT /api/contacts/5f3bada0-16e0-47ca-b167-8f1546f1d6bc 29-12-2021_10:13:16
PUT /api/contacts/5f3bada0-16e0-47ca-b167-8f1546f1d6bcs 29-12-2021_10:13:30
PUT /api/contacts/5f3bada0-16e0-47ca-b167-8f1546f1d6bcs 29-12-2021_10:13:34
PUT /api/contacts/5f3bada0-16e0-47ca-b167-8f1546f1d6bcs 29-12-2021_10:13:47
PUT /api/contacts/5f3bada0-16e0-47ca-b167-8f1546f1d6bcs 29-12-2021_10:13:55
PUT /api/contacts/5f3bada0-16e0-47ca-b167-8f1546f1d6bcs 29-12-2021_10:13:59
PUT /api/contacts/5f3bada0-16e0-47ca-b167-8f1546f1d6bcs 29-12-2021_10:15:57
PUT /api/contacts/5f3bada0-16e0-47ca-b167-8f1546f1d6bcs 29-12-2021_10:16:16
PUT /api/contacts/5f3bada0-16e0-47ca-b167-8f1546f1d6bcs 29-12-2021_10:16:19
PUT /api/contacts/5f3bada0-16e0-47ca-b167-8f1546f1d6bcs 29-12-2021_10:16:20
PUT /api/contacts/5f3bada0-16e0-47ca-b167-8f1546f1d6bcs 29-12-2021_10:16:35
PUT /api/contacts/5f3bada0-16e0-47ca-b167-8f1546f1d6bcs 29-12-2021_10:17:10
PUT /api/contacts/5f3bada0-16e0-47ca-b167-8f1546f1d6bcs 29-12-2021_10:17:30
PUT /api/contacts/5f3bada0-16e0-47ca-b167-8f1546f1d6bcs 29-12-2021_10:17:31
PUT /api/contacts/5f3bada0-16e0-47ca-b167-8f1546f1d6bcs 29-12-2021_10:17:57
PUT /api/contacts/5f3bada0-16e0-47ca-b167-8f1546f1d6bcs 29-12-2021_10:18:05
PUT /api/contacts/5f3bada0-16e0-47ca-b167-8f1546f1d6bcs 29-12-2021_10:18:06
PUT /api/contacts/5f3bada0-16e0-47ca-b167-8f1546f1d6bcs 29-12-2021_10:18:14
PUT /api/contacts/5f3bada0-16e0-47ca-b167-8f1546f1d6bcs 29-12-2021_10:18:20
PUT /api/contacts/5f3bada0-16e0-47ca-b167-8f1546f1d6bcs 29-12-2021_10:18:52
PUT /api/contacts/5f3bada0-16e0-47ca-b167-8f1546f1d6bcs 29-12-2021_10:18:52
PUT /api/contacts/5f3bada0-16e0-47ca-b167-8f1546f1d6bcs 29-12-2021_10:19:45
PUT /api/contacts/5f3bada0-16e0-47ca-b167-8f1546f1d6bcs 29-12-2021_10:20:00
PUT /api/contacts/5f3bada0-16e0-47ca-b167-8f1546f1d6bcs 29-12-2021_10:20:14
DELETE /api/contacts/5f3bada0-16e0-47ca-b167-8f1546f1d6bcs 29-12-2021_10:20:23
DELETE /api/contacts/5f3bada0-16e0-47ca-b167-8f1546f1d6bc 29-12-2021_10:20:27
POST /api/contacts 29-12-2021_10:21:24
POST /api/contacts 10-01-2022_05:39:47
POST /api/contacts 10-01-2022_05:39:54
POST /api/contacts 10-01-2022_05:41:02
POST /api/contacts 10-01-2022_05:41:34
POST /api/contacts 10-01-2022_05:41:59
POST /api/contacts 17-01-2022_08:31:03
POST /api/contacts 17-01-2022_08:32:01
POST /api/contacts 17-01-2022_08:35:23
POST /api/contacts 17-01-2022_08:35:47
POST /api/contacts 17-01-2022_08:36:34
POST /api/contacts 17-01-2022_08:43:24
POST /api/contacts 17-01-2022_08:43:29
POST /api/contacts 17-01-2022_08:43:36
POST /api/contacts 17-01-2022_08:43:41
POST /api/contacts 17-01-2022_08:47:22
POST /api/contacts 17-01-2022_08:47:26
GET /api/contacts 17-01-2022_08:48:31
GET /api/contacts/61e5afaea98f57e99d9bd312 17-01-2022_08:51:54
GET /api/contacts/61e5afaea98f57e99d9bd312 17-01-2022_08:53:17
GET /api/contacts/61e5afaea98f57e99d9bd312 17-01-2022_08:53:51
GET /api/contacts/333 17-01-2022_08:55:03
GET /api/contacts/333 17-01-2022_08:56:30
POST /api/contacts 17-01-2022_08:57:17
POST /api/contacts 17-01-2022_08:57:30
POST /api/contacts 17-01-2022_08:57:36
PUT /api/contacts/61e5afaea98f57e99d9bd312 17-01-2022_09:01:26
PUT /api/contacts/61e5afaea98f57e99d9bd312 17-01-2022_09:01:44
PUT /api/contacts/61e5afaea98f57e99d9bd312 17-01-2022_09:01:51
PUT /api/contacts/61e5afaea98f57e99d9bd312 17-01-2022_09:02:06
PUT /api/contacts/61e5afaea98f57e99d9bd312 18-01-2022_10:27:11
PUT /api/contacts/61e5afaea98f57e99d9bd312 18-01-2022_10:27:32
PUT /api/contacts/61e5afaea98f57e99d9bd312 18-01-2022_10:28:08
PATCH /api/contacts/61e5afaea98f57e99d9bd312 24-01-2022_06:06:27
PATCH /api/contacts/61e5afaea98f57e99d9bd312 24-01-2022_06:06:42
PATCH /api/contacts/61e5afaea98f57e99d9bd312 24-01-2022_06:06:48
PATCH /api/contacts/61e5afaea98f57e99d9bd312 24-01-2022_06:07:21
PATCH /api/contacts/61e5afaea98f57e99d9bd312 24-01-2022_06:07:26
PATCH /api/contacts/61e5afaea98f57e99d9bd312 24-01-2022_06:07:42
PATCH /api/contacts/61e5afaea98f57e99d9bd312 24-01-2022_06:07:45
PATCH /api/contacts/61e5afaea98f57e99d9bd312 24-01-2022_06:07:49
PATCH /api/contacts/61e5afaea98f57e99d9bd312 24-01-2022_06:07:54
